#
# A fatal error has been detected by the Java Runtime Environment:
#
#  SIGSEGV (0xb) at pc=0x0000000109648f78, pid=6950, tid=0x0000000000004b03
#
# JRE version: Java(TM) SE Runtime Environment (8.0_92-b14) (build 1.8.0_92-b14)
# Java VM: Java HotSpot(TM) 64-Bit Server VM (25.92-b14 mixed mode bsd-amd64 compressed oops)
# Problematic frame:
# V  [libjvm.dylib+0x448f78]  Method::checked_resolve_jmethod_id(_jmethodID*)+0xe
#
# Failed to write core dump. Core dumps have been disabled. To enable core dumping, try "ulimit -c unlimited" before starting Java again
#
# If you would like to submit a bug report, please visit:
#   http://bugreport.java.com/bugreport/crash.jsp
#

---------------  T H R E A D  ---------------

Current thread (0x00007fea6a802000):  JavaThread "JDWP Transport Listener: dt_socket" daemon [_thread_in_vm, id=19203, stack(0x0000700000f47000,0x0000700001047000)]

siginfo: si_signo: 11 (SIGSEGV), si_code: 0 (unknown), si_addr: 0x0000000000000000

Registers:
RAX=0x0000000000000001, RBX=0x0000700001046a8b, RCX=0x0000000109a1a360, RDX=0x0000700001046a8b
RSP=0x00007000010469d0, RBP=0x00007000010469e0, RSI=0x00007fea6a802000, RDI=0xd000000000000000
R8 =0x0000000000000000, R9 =0x00007fea69416d60, R10=0x0000000095474b4d, R11=0x00007fea69400000
R12=0x00007fea6a802000, R13=0xd000000000000000, R14=0xd000000000000000, R15=0x00007fea69515be0
RIP=0x0000000109648f78, EFLAGS=0x0000000000010286, ERR=0x0000000000000000
  TRAPNO=0x000000000000000d

Top of Stack: (sp=0x00007000010469d0)
0x00007000010469d0:   0000700001046a8b 0000700001046a8b
0x00007000010469e0:   0000700001046a40 0000000109557e66
0x00007000010469f0:   00007fea6a802000 0000000000000000
0x0000700001046a00:   0000000000000000 0000000000000000
0x0000700001046a10:   00007fea6a802000 00007fea6a802000
0x0000700001046a20:   0000700001046a8b 0000700001046a90
0x0000700001046a30:   d000000000000000 0000000000000009
0x0000700001046a40:   0000700001046a60 0000000108146780
0x0000700001046a50:   0000000000000001 0000700001046b08
0x0000700001046a60:   0000700001046ad0 000000010812b1f3
0x0000700001046a70:   0000700001046aa0 00007fea6ba03380
0x0000700001046a80:   0000000a00000032 0000000a00046b08
0x0000700001046a90:   0000000000000000 0000000000000000
0x0000700001046aa0:   0000000000000000 0000700001046c90
0x0000700001046ab0:   000000010814de7a 00007fea6ba025c0
0x0000700001046ac0:   0000700001046b08 0000000108159598
0x0000700001046ad0:   0000700001046ae0 000000010812b2ec
0x0000700001046ae0:   0000700001046d00 0000000108134898
0x0000700001046af0:   0000670200000013 00000000000f0200
0x0000700001046b00:   00007fea6ba025e0 00007fea6941930c
0x0000700001046b10:   00007fea000001fc 00007fea69418e30
0x0000700001046b20:   000000000000012c 0000700001046b58
0x0000700001046b30:   00007fea69418e30 0000000000000000
0x0000700001046b40:   0000670200000030 00007fff0000cc80
0x0000700001046b50:   0000700001046b58 ea7f00000a000000
0x0000700001046b60:   0600000000037169 00003e74696e693c
0x0000700001046b70:   0000005629280300 7f00000100000000
0x0000700001046b80:   00000008037169ea 0000006e69616d04
0x0000700001046b90:   6176616a4c5b2816 74532f676e616c2f
0x0000700001046ba0:   0056293b676e6972 0009000000000000
0x0000700001046bb0:   0020037169ea7f00 746e697270100000
0x0000700001046bc0:   4c72656765746e49 2805000000747369 

Instructions: (pc=0x0000000109648f78)
0x0000000109648f58:   40 48 48 85 c0 75 e0 30 c0 0f b6 c0 5d c3 31 c0
0x0000000109648f68:   5d c3 55 48 89 e5 53 48 83 ec 08 48 85 ff 74 24
0x0000000109648f78:   48 8b 1f 48 85 db 74 1c 48 83 fb 37 74 16 48 8b
0x0000000109648f88:   03 48 89 df ff 50 10 84 c0 b8 00 00 00 00 48 0f 

Register to memory mapping:

RAX=0x0000000000000001 is an unknown value
RBX=0x0000700001046a8b is pointing into the stack for thread: 0x00007fea6a802000
RCX=0x0000000109a1a360: UseMembar+0 in /Library/Java/JavaVirtualMachines/jdk1.8.0_92.jdk/Contents/Home/jre/lib/server/libjvm.dylib at 0x0000000109200000
RDX=0x0000700001046a8b is pointing into the stack for thread: 0x00007fea6a802000
RSP=0x00007000010469d0 is pointing into the stack for thread: 0x00007fea6a802000
RBP=0x00007000010469e0 is pointing into the stack for thread: 0x00007fea6a802000
RSI=0x00007fea6a802000 is a thread
RDI=0xd000000000000000 is an unknown value
R8 =0x0000000000000000 is an unknown value
R9 =0x00007fea69416d60 is an unknown value
R10=0x0000000095474b4d is an unknown value
R11=0x00007fea69400000 is an unknown value
R12=0x00007fea6a802000 is a thread
R13=0xd000000000000000 is an unknown value
R14=0xd000000000000000 is an unknown value
R15=0x00007fea69515be0 is an unknown value


Stack: [0x0000700000f47000,0x0000700001047000],  sp=0x00007000010469d0,  free space=1022k
Native frames: (J=compiled Java code, j=interpreted, Vv=VM code, C=native code)
V  [libjvm.dylib+0x448f78]  Method::checked_resolve_jmethod_id(_jmethodID*)+0xe
V  [libjvm.dylib+0x357e66]  jvmti_IsMethodSynthetic+0xb2
C  [libjdwp.dylib+0x20780]  isMethodSynthetic+0x63
C  [libjdwp.dylib+0x51f3]  methods1+0x10b
C  [libjdwp.dylib+0x52ec]  methodsWithGeneric+0xe
C  [libjdwp.dylib+0xe898]  debugLoop_run+0x1ce
C  [libjdwp.dylib+0x1f6ba]  attachThread+0x4d
V  [libjvm.dylib+0x3991cc]  JvmtiAgentThread::call_start_function()+0x38
V  [libjvm.dylib+0x564c57]  JavaThread::thread_main_inner()+0x9b
V  [libjvm.dylib+0x566344]  JavaThread::run()+0x1c2
V  [libjvm.dylib+0x485bbe]  java_start(Thread*)+0xf6
C  [libsystem_pthread.dylib+0x399d]  _pthread_body+0x83
C  [libsystem_pthread.dylib+0x391a]  _pthread_body+0x0
C  [libsystem_pthread.dylib+0x1351]  thread_start+0xd
C  0x0000000000000000


---------------  P R O C E S S  ---------------

Java Threads: ( => current thread )
  0x00007fea6d80d800 JavaThread "Service Thread" daemon [_thread_blocked, id=22787, stack(0x000070000165c000,0x000070000175c000)]
  0x00007fea6d002000 JavaThread "C1 CompilerThread3" daemon [_thread_blocked, id=22275, stack(0x0000700001559000,0x0000700001659000)]
  0x00007fea6c809000 JavaThread "C2 CompilerThread2" daemon [_thread_blocked, id=21763, stack(0x0000700001456000,0x0000700001556000)]
  0x00007fea6c808800 JavaThread "C2 CompilerThread1" daemon [_thread_blocked, id=21251, stack(0x0000700001353000,0x0000700001453000)]
  0x00007fea6c032000 JavaThread "C2 CompilerThread0" daemon [_thread_blocked, id=20739, stack(0x0000700001250000,0x0000700001350000)]
  0x00007fea6a803800 JavaThread "JDWP Command Reader" daemon [_thread_in_native, id=20227, stack(0x000070000114d000,0x000070000124d000)]
  0x00007fea6a803000 JavaThread "JDWP Event Helper Thread" daemon [_thread_blocked, id=19715, stack(0x000070000104a000,0x000070000114a000)]
=>0x00007fea6a802000 JavaThread "JDWP Transport Listener: dt_socket" daemon [_thread_in_vm, id=19203, stack(0x0000700000f47000,0x0000700001047000)]
  0x00007fea6c02c800 JavaThread "Signal Dispatcher" daemon [_thread_blocked, id=15887, stack(0x0000700000e44000,0x0000700000f44000)]
  0x00007fea6c021000 JavaThread "Finalizer" daemon [_thread_blocked, id=14339, stack(0x0000700000c3b000,0x0000700000d3b000)]
  0x00007fea6c818000 JavaThread "Reference Handler" daemon [_thread_blocked, id=13827, stack(0x0000700000b38000,0x0000700000c38000)]
  0x00007fea6a026800 JavaThread "main" [_thread_blocked, id=5891, stack(0x000070000011a000,0x000070000021a000)]

Other Threads:
  0x00007fea6980f800 VMThread [stack: 0x0000700000a35000,0x0000700000b35000] [id=13315]
  0x00007fea6c03b800 WatcherThread [stack: 0x000070000175f000,0x000070000185f000] [id=23299]

VM state:not at safepoint (normal execution)

VM Mutex/Monitor currently owned by a thread: None

Heap:
 PSYoungGen      total 76288K, used 5242K [0x000000076ab00000, 0x0000000770000000, 0x00000007c0000000)
  eden space 65536K, 8% used [0x000000076ab00000,0x000000076b01ebc0,0x000000076eb00000)
  from space 10752K, 0% used [0x000000076f580000,0x000000076f580000,0x0000000770000000)
  to   space 10752K, 0% used [0x000000076eb00000,0x000000076eb00000,0x000000076f580000)
 ParOldGen       total 175104K, used 0K [0x00000006c0000000, 0x00000006cab00000, 0x000000076ab00000)
  object space 175104K, 0% used [0x00000006c0000000,0x00000006c0000000,0x00000006cab00000)
 Metaspace       used 3277K, capacity 4562K, committed 4864K, reserved 1056768K
  class space    used 363K, capacity 386K, committed 512K, reserved 1048576K

Card table byte_map: [0x0000000119557000,0x0000000119d58000] byte_map_base: 0x0000000115f57000

Marking Bits: (ParMarkBitMap*) 0x0000000109ae8bd0
 Begin Bits: [0x000000011a2ae000, 0x000000011e2ae000)
 End Bits:   [0x000000011e2ae000, 0x00000001222ae000)

Polling page: 0x0000000108125000

CodeCache: size=245760Kb used=1216Kb max_used=1216Kb free=244543Kb
 bounds [0x000000010a197000, 0x000000010a407000, 0x0000000119197000]
 total_blobs=323 nmethods=91 adapters=154
 compilation: enabled

Compilation events (10 events):
Event: 0.117 Thread 0x00007fea6d002000   87       3       java.nio.Buffer::position (43 bytes)
Event: 0.117 Thread 0x00007fea6d002000 nmethod 87 0x000000010a2c53d0 code [0x000000010a2c5560, 0x000000010a2c5828]
Event: 0.117 Thread 0x00007fea6d002000   88       3       java.nio.CharBuffer::arrayOffset (35 bytes)
Event: 0.117 Thread 0x00007fea6d002000 nmethod 88 0x000000010a2c5910 code [0x000000010a2c5aa0, 0x000000010a2c5d98]
Event: 0.117 Thread 0x00007fea6d002000   89       3       java.util.concurrent.ConcurrentHashMap::get (162 bytes)
Event: 0.118 Thread 0x00007fea6d002000 nmethod 89 0x000000010a2c5ed0 code [0x000000010a2c60e0, 0x000000010a2c6cd8]
Event: 0.118 Thread 0x00007fea6d002000   90       3       java.util.Formatter$Flags::contains (22 bytes)
Event: 0.118 Thread 0x00007fea6d002000 nmethod 90 0x000000010a2c7190 code [0x000000010a2c7300, 0x000000010a2c7510]
Event: 0.118 Thread 0x00007fea6d002000   91       3       java.util.AbstractCollection::<init> (5 bytes)
Event: 0.118 Thread 0x00007fea6d002000 nmethod 91 0x000000010a2c75d0 code [0x000000010a2c7740, 0x000000010a2c78f0]

GC Heap History (0 events):
No events

Deoptimization events (1 events):
Event: 0.094 Thread 0x00007fea6a026800 Uncommon trap: reason=unstable_if action=reinterpret pc=0x000000010a2b75cc method=java.lang.String.hashCode()I @ 14

Internal exceptions (10 events):
Event: 0.087 Thread 0x00007fea6a026800 Exception <a 'java/util/zip/ZipException'> (0x000000076abbc208) thrown at [/Users/java_re/workspace/8-2-build-macosx-x86_64/jdk8u92/6642/hotspot/src/share/vm/prims/jni.cpp, line 709]
Event: 0.087 Thread 0x00007fea6a026800 Exception <a 'java/security/PrivilegedActionException'> (0x000000076abbc410) thrown at [/Users/java_re/workspace/8-2-build-macosx-x86_64/jdk8u92/6642/hotspot/src/share/vm/prims/jvm.cpp, line 1386]
Event: 0.087 Thread 0x00007fea6a026800 Exception <a 'java/security/PrivilegedActionException'> (0x000000076abbc620) thrown at [/Users/java_re/workspace/8-2-build-macosx-x86_64/jdk8u92/6642/hotspot/src/share/vm/prims/jvm.cpp, line 1386]
Event: 0.089 Thread 0x00007fea6a026800 Exception <a 'java/util/zip/ZipException'> (0x000000076abcddc8) thrown at [/Users/java_re/workspace/8-2-build-macosx-x86_64/jdk8u92/6642/hotspot/src/share/vm/prims/jni.cpp, line 709]
Event: 0.089 Thread 0x00007fea6a026800 Exception <a 'java/security/PrivilegedActionException'> (0x000000076abcdfd0) thrown at [/Users/java_re/workspace/8-2-build-macosx-x86_64/jdk8u92/6642/hotspot/src/share/vm/prims/jvm.cpp, line 1386]
Event: 0.089 Thread 0x00007fea6a026800 Exception <a 'java/security/PrivilegedActionException'> (0x000000076abce1e0) thrown at [/Users/java_re/workspace/8-2-build-macosx-x86_64/jdk8u92/6642/hotspot/src/share/vm/prims/jvm.cpp, line 1386]
Event: 0.106 Thread 0x00007fea6a026800 Exception <a 'java/security/PrivilegedActionException'> (0x000000076ac17460) thrown at [/Users/java_re/workspace/8-2-build-macosx-x86_64/jdk8u92/6642/hotspot/src/share/vm/prims/jvm.cpp, line 1386]
Event: 0.106 Thread 0x00007fea6a026800 Exception <a 'java/security/PrivilegedActionException'> (0x000000076ac17858) thrown at [/Users/java_re/workspace/8-2-build-macosx-x86_64/jdk8u92/6642/hotspot/src/share/vm/prims/jvm.cpp, line 1386]
Event: 0.107 Thread 0x00007fea6a026800 Exception <a 'java/security/PrivilegedActionException'> (0x000000076ac1ace0) thrown at [/Users/java_re/workspace/8-2-build-macosx-x86_64/jdk8u92/6642/hotspot/src/share/vm/prims/jvm.cpp, line 1386]
Event: 0.107 Thread 0x00007fea6a026800 Exception <a 'java/security/PrivilegedActionException'> (0x000000076ac1b0d8) thrown at [/Users/java_re/workspace/8-2-build-macosx-x86_64/jdk8u92/6642/hotspot/src/share/vm/prims/jvm.cpp, line 1386]

Events (10 events):
Event: 818.588 Executing VM operation: ChangeBreakpoints
Event: 818.588 Executing VM operation: ChangeBreakpoints done
Event: 818.588 Executing VM operation: ChangeBreakpoints
Event: 818.588 Executing VM operation: ChangeBreakpoints done
Event: 818.590 Executing VM operation: ChangeBreakpoints
Event: 818.590 Executing VM operation: ChangeBreakpoints done
Event: 826.311 Executing VM operation: ChangeBreakpoints
Event: 826.311 Executing VM operation: ChangeBreakpoints done
Event: 959.341 Executing VM operation: RedefineClasses
Event: 959.341 Executing VM operation: RedefineClasses done


Dynamic libraries:
0x000000000898e000 	/System/Library/Frameworks/Cocoa.framework/Versions/A/Cocoa
0x000000000898e000 	/System/Library/Frameworks/Security.framework/Versions/A/Security
0x000000000898e000 	/System/Library/Frameworks/ApplicationServices.framework/Versions/A/ApplicationServices
0x000000000898e000 	/usr/lib/libz.1.dylib
0x000000000898e000 	/usr/lib/libSystem.B.dylib
0x000000000898e000 	/usr/lib/libobjc.A.dylib
0x000000000898e000 	/System/Library/Frameworks/CoreFoundation.framework/Versions/A/CoreFoundation
0x000000000898e000 	/System/Library/Frameworks/Foundation.framework/Versions/C/Foundation
0x000000000898e000 	/System/Library/Frameworks/AppKit.framework/Versions/C/AppKit
0x000000000898e000 	/System/Library/Frameworks/CoreData.framework/Versions/A/CoreData
0x000000000898e000 	/System/Library/PrivateFrameworks/RemoteViewServices.framework/Versions/A/RemoteViewServices
0x000000000898e000 	/System/Library/PrivateFrameworks/UIFoundation.framework/Versions/A/UIFoundation
0x000000000898e000 	/usr/lib/libScreenReader.dylib
0x000000000898e000 	/System/Library/Frameworks/Accelerate.framework/Versions/A/Accelerate
0x000000000898e000 	/System/Library/Frameworks/IOSurface.framework/Versions/A/IOSurface
0x000000000898e000 	/System/Library/Frameworks/AudioToolbox.framework/Versions/A/AudioToolbox
0x000000000898e000 	/System/Library/Frameworks/AudioUnit.framework/Versions/A/AudioUnit
0x000000000898e000 	/System/Library/PrivateFrameworks/DataDetectorsCore.framework/Versions/A/DataDetectorsCore
0x000000000898e000 	/System/Library/PrivateFrameworks/DesktopServicesPriv.framework/Versions/A/DesktopServicesPriv
0x000000000898e000 	/System/Library/Frameworks/Carbon.framework/Versions/A/Frameworks/HIToolbox.framework/Versions/A/HIToolbox
0x000000000898e000 	/System/Library/Frameworks/QuartzCore.framework/Versions/A/QuartzCore
0x000000000898e000 	/System/Library/Frameworks/Carbon.framework/Versions/A/Frameworks/SpeechRecognition.framework/Versions/A/SpeechRecognition
0x000000000898e000 	/usr/lib/libauto.dylib
0x000000000898e000 	/usr/lib/libicucore.A.dylib
0x000000000898e000 	/usr/lib/libxml2.2.dylib
0x000000000898e000 	/System/Library/PrivateFrameworks/CoreUI.framework/Versions/A/CoreUI
0x000000000898e000 	/System/Library/Frameworks/CoreAudio.framework/Versions/A/CoreAudio
0x000000000898e000 	/System/Library/Frameworks/DiskArbitration.framework/Versions/A/DiskArbitration
0x000000000898e000 	/usr/lib/liblangid.dylib
0x000000000898e000 	/System/Library/PrivateFrameworks/MultitouchSupport.framework/Versions/A/MultitouchSupport
0x000000000898e000 	/System/Library/Frameworks/IOKit.framework/Versions/A/IOKit
0x000000000898e000 	/usr/lib/libDiagnosticMessagesClient.dylib
0x000000000898e000 	/System/Library/Frameworks/CoreServices.framework/Versions/A/CoreServices
0x000000000898e000 	/System/Library/PrivateFrameworks/PerformanceAnalysis.framework/Versions/A/PerformanceAnalysis
0x000000000898e000 	/System/Library/PrivateFrameworks/GenerationalStorage.framework/Versions/A/GenerationalStorage
0x000000000898e000 	/System/Library/Frameworks/OpenGL.framework/Versions/A/OpenGL
0x000000000898e000 	/System/Library/PrivateFrameworks/Sharing.framework/Versions/A/Sharing
0x000000000898e000 	/System/Library/Frameworks/CoreGraphics.framework/Versions/A/CoreGraphics
0x000000000898e000 	/System/Library/Frameworks/CoreImage.framework/Versions/A/CoreImage
0x000000000898e000 	/System/Library/Frameworks/CoreText.framework/Versions/A/CoreText
0x000000000898e000 	/System/Library/Frameworks/ImageIO.framework/Versions/A/ImageIO
0x000000000898e000 	/System/Library/PrivateFrameworks/Backup.framework/Versions/A/Backup
0x000000000898e000 	/usr/lib/libextension.dylib
0x000000000898e000 	/usr/lib/libarchive.2.dylib
0x000000000898e000 	/System/Library/Frameworks/CFNetwork.framework/Versions/A/CFNetwork
0x000000000898e000 	/System/Library/Frameworks/SystemConfiguration.framework/Versions/A/SystemConfiguration
0x000000000898e000 	/usr/lib/libCRFSuite.dylib
0x000000000898e000 	/usr/lib/libc++.1.dylib
0x000000000898e000 	/usr/lib/libc++abi.dylib
0x000000000898e000 	/usr/lib/system/libcache.dylib
0x000000000898e000 	/usr/lib/system/libcommonCrypto.dylib
0x000000000898e000 	/usr/lib/system/libcompiler_rt.dylib
0x000000000898e000 	/usr/lib/system/libcopyfile.dylib
0x000000000898e000 	/usr/lib/system/libcorecrypto.dylib
0x000000000898e000 	/usr/lib/system/libdispatch.dylib
0x000000000898e000 	/usr/lib/system/libdyld.dylib
0x000000000898e000 	/usr/lib/system/libkeymgr.dylib
0x000000000898e000 	/usr/lib/system/liblaunch.dylib
0x000000000898e000 	/usr/lib/system/libmacho.dylib
0x000000000898e000 	/usr/lib/system/libquarantine.dylib
0x000000000898e000 	/usr/lib/system/libremovefile.dylib
0x000000000898e000 	/usr/lib/system/libsystem_asl.dylib
0x000000000898e000 	/usr/lib/system/libsystem_blocks.dylib
0x000000000898e000 	/usr/lib/system/libsystem_c.dylib
0x000000000898e000 	/usr/lib/system/libsystem_configuration.dylib
0x000000000898e000 	/usr/lib/system/libsystem_coreservices.dylib
0x000000000898e000 	/usr/lib/system/libsystem_coretls.dylib
0x000000000898e000 	/usr/lib/system/libsystem_dnssd.dylib
0x000000000898e000 	/usr/lib/system/libsystem_info.dylib
0x000000000898e000 	/usr/lib/system/libsystem_kernel.dylib
0x000000000898e000 	/usr/lib/system/libsystem_m.dylib
0x000000000898e000 	/usr/lib/system/libsystem_malloc.dylib
0x000000000898e000 	/usr/lib/system/libsystem_network.dylib
0x000000000898e000 	/usr/lib/system/libsystem_networkextension.dylib
0x000000000898e000 	/usr/lib/system/libsystem_notify.dylib
0x000000000898e000 	/usr/lib/system/libsystem_platform.dylib
0x000000000898e000 	/usr/lib/system/libsystem_pthread.dylib
0x000000000898e000 	/usr/lib/system/libsystem_sandbox.dylib
0x000000000898e000 	/usr/lib/system/libsystem_secinit.dylib
0x000000000898e000 	/usr/lib/system/libsystem_trace.dylib
0x000000000898e000 	/usr/lib/system/libunc.dylib
0x000000000898e000 	/usr/lib/system/libunwind.dylib
0x000000000898e000 	/usr/lib/system/libxpc.dylib
0x000000000898e000 	/usr/lib/libenergytrace.dylib
0x000000000898e000 	/usr/lib/libbsm.0.dylib
0x000000000898e000 	/usr/lib/system/libkxld.dylib
0x000000000898e000 	/usr/lib/libxar.1.dylib
0x000000000898e000 	/usr/lib/libsqlite3.dylib
0x000000000898e000 	/usr/lib/libpam.2.dylib
0x000000000898e000 	/usr/lib/libOpenScriptingUtil.dylib
0x000000000898e000 	/usr/lib/libbz2.1.0.dylib
0x000000000898e000 	/usr/lib/liblzma.5.dylib
0x000000000898e000 	/System/Library/Frameworks/CoreServices.framework/Versions/A/Frameworks/FSEvents.framework/Versions/A/FSEvents
0x000000000898e000 	/System/Library/Frameworks/CoreServices.framework/Versions/A/Frameworks/CarbonCore.framework/Versions/A/CarbonCore
0x000000000898e000 	/System/Library/Frameworks/CoreServices.framework/Versions/A/Frameworks/Metadata.framework/Versions/A/Metadata
0x000000000898e000 	/System/Library/Frameworks/CoreServices.framework/Versions/A/Frameworks/OSServices.framework/Versions/A/OSServices
0x000000000898e000 	/System/Library/Frameworks/CoreServices.framework/Versions/A/Frameworks/SearchKit.framework/Versions/A/SearchKit
0x000000000898e000 	/System/Library/Frameworks/CoreServices.framework/Versions/A/Frameworks/AE.framework/Versions/A/AE
0x000000000898e000 	/System/Library/Frameworks/CoreServices.framework/Versions/A/Frameworks/LaunchServices.framework/Versions/A/LaunchServices
0x000000000898e000 	/System/Library/Frameworks/CoreServices.framework/Versions/A/Frameworks/DictionaryServices.framework/Versions/A/DictionaryServices
0x000000000898e000 	/System/Library/Frameworks/CoreServices.framework/Versions/A/Frameworks/SharedFileList.framework/Versions/A/SharedFileList
0x000000000898e000 	/System/Library/Frameworks/NetFS.framework/Versions/A/NetFS
0x000000000898e000 	/System/Library/PrivateFrameworks/NetAuth.framework/Versions/A/NetAuth
0x000000000898e000 	/System/Library/PrivateFrameworks/login.framework/Versions/A/Frameworks/loginsupport.framework/Versions/A/loginsupport
0x000000000898e000 	/System/Library/PrivateFrameworks/TCC.framework/Versions/A/TCC
0x000000000898e000 	/usr/lib/libmecabra.dylib
0x000000000898e000 	/System/Library/Frameworks/ApplicationServices.framework/Versions/A/Frameworks/ATS.framework/Versions/A/ATS
0x000000000898e000 	/System/Library/Frameworks/ApplicationServices.framework/Versions/A/Frameworks/ColorSync.framework/Versions/A/ColorSync
0x000000000898e000 	/System/Library/Frameworks/ApplicationServices.framework/Versions/A/Frameworks/HIServices.framework/Versions/A/HIServices
0x000000000898e000 	/System/Library/Frameworks/ApplicationServices.framework/Versions/A/Frameworks/LangAnalysis.framework/Versions/A/LangAnalysis
0x000000000898e000 	/System/Library/Frameworks/ApplicationServices.framework/Versions/A/Frameworks/PrintCore.framework/Versions/A/PrintCore
0x000000000898e000 	/System/Library/Frameworks/ApplicationServices.framework/Versions/A/Frameworks/QD.framework/Versions/A/QD
0x000000000898e000 	/System/Library/Frameworks/ApplicationServices.framework/Versions/A/Frameworks/SpeechSynthesis.framework/Versions/A/SpeechSynthesis
0x000000000898e000 	/System/Library/Frameworks/Metal.framework/Versions/A/Metal
0x000000000898e000 	/System/Library/Frameworks/Accelerate.framework/Versions/A/Frameworks/vImage.framework/Versions/A/vImage
0x000000000898e000 	/System/Library/Frameworks/Accelerate.framework/Versions/A/Frameworks/vecLib.framework/Versions/A/vecLib
0x000000000898e000 	/System/Library/Frameworks/Accelerate.framework/Versions/A/Frameworks/vecLib.framework/Versions/A/libvDSP.dylib
0x000000000898e000 	/System/Library/Frameworks/Accelerate.framework/Versions/A/Frameworks/vecLib.framework/Versions/A/libvMisc.dylib
0x000000000898e000 	/System/Library/Frameworks/Accelerate.framework/Versions/A/Frameworks/vecLib.framework/Versions/A/libLAPACK.dylib
0x000000000898e000 	/System/Library/Frameworks/Accelerate.framework/Versions/A/Frameworks/vecLib.framework/Versions/A/libBLAS.dylib
0x000000000898e000 	/System/Library/Frameworks/Accelerate.framework/Versions/A/Frameworks/vecLib.framework/Versions/A/libLinearAlgebra.dylib
0x000000000898e000 	/System/Library/Frameworks/Accelerate.framework/Versions/A/Frameworks/vecLib.framework/Versions/A/libSparseBLAS.dylib
0x000000000898e000 	/System/Library/PrivateFrameworks/GPUCompiler.framework/libmetal_timestamp.dylib
0x000000000898e000 	/System/Library/Frameworks/OpenGL.framework/Versions/A/Libraries/libCoreFSCache.dylib
0x000000000898e000 	/System/Library/PrivateFrameworks/IOAccelerator.framework/Versions/A/IOAccelerator
0x000000000898e000 	/System/Library/Frameworks/ApplicationServices.framework/Versions/A/Frameworks/ATS.framework/Versions/A/Resources/libFontParser.dylib
0x000000000898e000 	/System/Library/Frameworks/ApplicationServices.framework/Versions/A/Frameworks/ATS.framework/Versions/A/Resources/libFontRegistry.dylib
0x000000000898e000 	/System/Library/PrivateFrameworks/AppleVPA.framework/Versions/A/AppleVPA
0x000000000898e000 	/System/Library/PrivateFrameworks/AppleJPEG.framework/Versions/A/AppleJPEG
0x000000000898e000 	/System/Library/Frameworks/ImageIO.framework/Versions/A/Resources/libJPEG.dylib
0x000000000898e000 	/System/Library/Frameworks/ImageIO.framework/Versions/A/Resources/libTIFF.dylib
0x000000000898e000 	/System/Library/Frameworks/ImageIO.framework/Versions/A/Resources/libPng.dylib
0x000000000898e000 	/System/Library/Frameworks/ImageIO.framework/Versions/A/Resources/libGIF.dylib
0x000000000898e000 	/System/Library/Frameworks/ImageIO.framework/Versions/A/Resources/libJP2.dylib
0x000000000898e000 	/System/Library/Frameworks/ImageIO.framework/Versions/A/Resources/libRadiance.dylib
0x000000000898e000 	/System/Library/Frameworks/CoreVideo.framework/Versions/A/CoreVideo
0x000000000898e000 	/System/Library/Frameworks/OpenGL.framework/Versions/A/Libraries/libGLU.dylib
0x000000000898e000 	/System/Library/Frameworks/OpenGL.framework/Versions/A/Libraries/libGFXShared.dylib
0x000000000898e000 	/System/Library/Frameworks/OpenGL.framework/Versions/A/Libraries/libGL.dylib
0x000000000898e000 	/System/Library/Frameworks/OpenGL.framework/Versions/A/Libraries/libGLImage.dylib
0x000000000898e000 	/System/Library/Frameworks/OpenGL.framework/Versions/A/Libraries/libCVMSPluginSupport.dylib
0x000000000898e000 	/System/Library/Frameworks/OpenGL.framework/Versions/A/Libraries/libCoreVMClient.dylib
0x000000000898e000 	/usr/lib/libcompression.dylib
0x000000000898e000 	/usr/lib/libcups.2.dylib
0x000000000898e000 	/System/Library/Frameworks/Kerberos.framework/Versions/A/Kerberos
0x000000000898e000 	/System/Library/Frameworks/GSS.framework/Versions/A/GSS
0x000000000898e000 	/usr/lib/libresolv.9.dylib
0x000000000898e000 	/usr/lib/libiconv.2.dylib
0x000000000898e000 	/System/Library/PrivateFrameworks/Heimdal.framework/Versions/A/Heimdal
0x000000000898e000 	/usr/lib/libheimdal-asn1.dylib
0x000000000898e000 	/System/Library/Frameworks/OpenDirectory.framework/Versions/A/OpenDirectory
0x000000000898e000 	/System/Library/PrivateFrameworks/CommonAuth.framework/Versions/A/CommonAuth
0x000000000898e000 	/System/Library/Frameworks/OpenDirectory.framework/Versions/A/Frameworks/CFOpenDirectory.framework/Versions/A/CFOpenDirectory
0x000000000898e000 	/System/Library/Frameworks/SecurityFoundation.framework/Versions/A/SecurityFoundation
0x000000000898e000 	/System/Library/PrivateFrameworks/LanguageModeling.framework/Versions/A/LanguageModeling
0x000000000898e000 	/usr/lib/libmarisa.dylib
0x000000000898e000 	/usr/lib/libChineseTokenizer.dylib
0x000000000898e000 	/usr/lib/libcmph.dylib
0x000000000898e000 	/System/Library/Frameworks/ServiceManagement.framework/Versions/A/ServiceManagement
0x000000000898e000 	/usr/lib/libxslt.1.dylib
0x000000000898e000 	/System/Library/Frameworks/Carbon.framework/Versions/A/Frameworks/Ink.framework/Versions/A/Ink
0x000000000898e000 	/usr/lib/libFosl_dynamic.dylib
0x000000000898e000 	/System/Library/PrivateFrameworks/FaceCore.framework/Versions/A/FaceCore
0x000000000898e000 	/System/Library/Frameworks/OpenCL.framework/Versions/A/OpenCL
0x000000000898e000 	/System/Library/PrivateFrameworks/CrashReporterSupport.framework/Versions/A/CrashReporterSupport
0x000000000898e000 	/System/Library/PrivateFrameworks/IconServices.framework/Versions/A/IconServices
0x000000000898e000 	/System/Library/PrivateFrameworks/Apple80211.framework/Versions/A/Apple80211
0x000000000898e000 	/System/Library/Frameworks/CoreWLAN.framework/Versions/A/CoreWLAN
0x000000000898e000 	/System/Library/Frameworks/IOBluetooth.framework/Versions/A/IOBluetooth
0x000000000898e000 	/System/Library/PrivateFrameworks/CoreWiFi.framework/Versions/A/CoreWiFi
0x000000000898e000 	/System/Library/Frameworks/CoreBluetooth.framework/Versions/A/CoreBluetooth
0x000000000898e000 	/System/Library/PrivateFrameworks/ChunkingLibrary.framework/Versions/A/ChunkingLibrary
0x000000000898e000 	/System/Library/PrivateFrameworks/DebugSymbols.framework/Versions/A/DebugSymbols
0x000000000898e000 	/System/Library/PrivateFrameworks/CoreSymbolication.framework/Versions/A/CoreSymbolication
0x000000000898e000 	/System/Library/PrivateFrameworks/Symbolication.framework/Versions/A/Symbolication
0x000000000898e000 	/System/Library/PrivateFrameworks/SpeechRecognitionCore.framework/Versions/A/SpeechRecognitionCore
0x0000000109200000 	/Library/Java/JavaVirtualMachines/jdk1.8.0_92.jdk/Contents/Home/jre/lib/server/libjvm.dylib
0x000000000898e000 	/usr/lib/libstdc++.6.dylib
0x00000001080e2000 	/Library/Java/JavaVirtualMachines/jdk1.8.0_92.jdk/Contents/Home/jre/lib/libverify.dylib
0x00000001080f0000 	/Library/Java/JavaVirtualMachines/jdk1.8.0_92.jdk/Contents/Home/jre/lib/libjava.dylib
0x0000000108126000 	/Library/Java/JavaVirtualMachines/jdk1.8.0_92.jdk/Contents/Home/jre/lib/libjdwp.dylib
0x0000000108171000 	/Library/Java/JavaVirtualMachines/jdk1.8.0_92.jdk/Contents/Home/jre/lib/libnpt.dylib
0x000000010817e000 	/Library/Java/JavaVirtualMachines/jdk1.8.0_92.jdk/Contents/Home/jre/lib/libzip.dylib
0x00000001251d4000 	/System/Library/Frameworks/JavaVM.framework/Frameworks/JavaRuntimeSupport.framework/JavaRuntimeSupport
0x00000001251ef000 	/System/Library/Frameworks/JavaVM.framework/Versions/A/Frameworks/JavaNativeFoundation.framework/Versions/A/JavaNativeFoundation
0x0000000125204000 	/System/Library/Frameworks/JavaVM.framework/Versions/A/JavaVM
0x000000000898e000 	/System/Library/Frameworks/Carbon.framework/Versions/A/Carbon
0x0000000125211000 	/System/Library/PrivateFrameworks/JavaLaunching.framework/Versions/A/JavaLaunching
0x000000000898e000 	/System/Library/Frameworks/Carbon.framework/Versions/A/Frameworks/CommonPanels.framework/Versions/A/CommonPanels
0x000000000898e000 	/System/Library/Frameworks/Carbon.framework/Versions/A/Frameworks/Help.framework/Versions/A/Help
0x000000000898e000 	/System/Library/Frameworks/Carbon.framework/Versions/A/Frameworks/ImageCapture.framework/Versions/A/ImageCapture
0x000000000898e000 	/System/Library/Frameworks/Carbon.framework/Versions/A/Frameworks/OpenScripting.framework/Versions/A/OpenScripting
0x000000000898e000 	/System/Library/Frameworks/Carbon.framework/Versions/A/Frameworks/Print.framework/Versions/A/Print
0x000000000898e000 	/System/Library/Frameworks/Carbon.framework/Versions/A/Frameworks/SecurityHI.framework/Versions/A/SecurityHI
0x0000000126b34000 	/Library/Java/JavaVirtualMachines/jdk1.8.0_92.jdk/Contents/Home/jre/lib/libdt_socket.dylib

VM Arguments:
jvm_args: -agentlib:jdwp=transport=dt_socket,address=127.0.0.1:62316,suspend=y,server=n -Dfile.encoding=UTF-8 
java_command: Main
java_class_path (initial): /Library/Java/JavaVirtualMachines/jdk1.8.0_92.jdk/Contents/Home/jre/lib/charsets.jar:/Library/Java/JavaVirtualMachines/jdk1.8.0_92.jdk/Contents/Home/jre/lib/deploy.jar:/Library/Java/JavaVirtualMachines/jdk1.8.0_92.jdk/Contents/Home/jre/lib/ext/cldrdata.jar:/Library/Java/JavaVirtualMachines/jdk1.8.0_92.jdk/Contents/Home/jre/lib/ext/dnsns.jar:/Library/Java/JavaVirtualMachines/jdk1.8.0_92.jdk/Contents/Home/jre/lib/ext/jaccess.jar:/Library/Java/JavaVirtualMachines/jdk1.8.0_92.jdk/Contents/Home/jre/lib/ext/jfxrt.jar:/Library/Java/JavaVirtualMachines/jdk1.8.0_92.jdk/Contents/Home/jre/lib/ext/localedata.jar:/Library/Java/JavaVirtualMachines/jdk1.8.0_92.jdk/Contents/Home/jre/lib/ext/nashorn.jar:/Library/Java/JavaVirtualMachines/jdk1.8.0_92.jdk/Contents/Home/jre/lib/ext/sunec.jar:/Library/Java/JavaVirtualMachines/jdk1.8.0_92.jdk/Contents/Home/jre/lib/ext/sunjce_provider.jar:/Library/Java/JavaVirtualMachines/jdk1.8.0_92.jdk/Contents/Home/jre/lib/ext/sunpkcs11.jar:/Library/Java/JavaVirtualMachines/jdk1.8.0_92.jdk/Contents/Home/jre/lib/ext/zipfs.jar:/Library/Java/JavaVirtualMachines/jdk1.8.0_92.jdk/Contents/Home/jre/lib/javaws.jar:/Library/Java/JavaVirtualMachines/jdk1.8.0_92.jdk/Contents/Home/jre/lib/jce.jar:/Library/Java/JavaVirtualMachines/jdk1.8.0_92.jdk/Contents/Home/jre/lib/jfr.jar:/Library/Java/JavaVirtualMachines/jdk1.8.0_92.jdk/Contents/Home/jre/lib/jfxswt.jar:/Library/Java/JavaVirtualMachines/jdk1.8.0_92.jdk/Contents/Home/jre/lib/jsse.jar:/Library/Java/JavaVirtualMachines/jdk1.8.0_92.jdk/Contents/Home/jre/lib/management-agent.jar:/Library/Java/JavaVirtualMachines/jdk1.8.0_92.jdk/Contents/Home/jre/lib/plugin.jar:/Library/Java/JavaVirtualMachines/jdk1.8.0_92.jdk/Contents/Home/jre/lib/resources.jar:/Library/Java/JavaVirtualMachines/jdk1.8.0_92.jdk/Contents/Home/jre/lib/rt.jar:/Library/Java/JavaVirtualMachines/jdk1.8.0_92.jdk/Contents/Home/lib/ant-javafx.jar:/Library/Java/JavaVirtualMachines/jdk1.8.0_92.jdk/Contents/Home/lib/dt.jar:/Library/Ja
Launcher Type: SUN_STANDARD

Environment Variables:
JAVA_HOME=/Library/Java/JavaVirtualMachines/jdk1.8.0_92.jdk/Contents/Home/
PATH=/usr/local/bin/gcc-5:/Users/romanmayer/anaconda/bin:/usr/bin:/bin:/usr/sbin:/sbin:/usr/local/bin:/Library/TeX/texbin
SHELL=/bin/bash

Signal Handlers:
SIGSEGV: [libjvm.dylib+0x5aa779], sa_mask[0]=11111111011111110111111111111111, sa_flags=SA_ONSTACK|SA_RESTART|SA_SIGINFO
SIGBUS: [libjvm.dylib+0x5aa779], sa_mask[0]=11111111011111110111111111111111, sa_flags=SA_RESTART|SA_SIGINFO
SIGFPE: [libjvm.dylib+0x4831d0], sa_mask[0]=11111111011111110111111111111111, sa_flags=SA_RESTART|SA_SIGINFO
SIGPIPE: [libjvm.dylib+0x4831d0], sa_mask[0]=11111111011111110111111111111111, sa_flags=SA_RESTART|SA_SIGINFO
SIGXFSZ: [libjvm.dylib+0x4831d0], sa_mask[0]=11111111011111110111111111111111, sa_flags=SA_RESTART|SA_SIGINFO
SIGILL: [libjvm.dylib+0x4831d0], sa_mask[0]=11111111011111110111111111111111, sa_flags=SA_RESTART|SA_SIGINFO
SIGUSR1: SIG_DFL, sa_mask[0]=00000000000000000000000000000000, sa_flags=none
SIGUSR2: [libjvm.dylib+0x482cee], sa_mask[0]=00100000000000000000000000000000, sa_flags=SA_RESTART|SA_SIGINFO
SIGHUP: [libjvm.dylib+0x4812c5], sa_mask[0]=11111111011111110111111111111111, sa_flags=SA_RESTART|SA_SIGINFO
SIGINT: [libjvm.dylib+0x4812c5], sa_mask[0]=11111111011111110111111111111111, sa_flags=SA_RESTART|SA_SIGINFO
SIGTERM: [libjvm.dylib+0x4812c5], sa_mask[0]=11111111011111110111111111111111, sa_flags=SA_RESTART|SA_SIGINFO
SIGQUIT: [libjvm.dylib+0x4812c5], sa_mask[0]=11111111011111110111111111111111, sa_flags=SA_RESTART|SA_SIGINFO


---------------  S Y S T E M  ---------------

OS:Bsduname:Darwin 15.6.0 Darwin Kernel Version 15.6.0: Mon Jan  9 23:07:29 PST 2017; root:xnu-3248.60.11.2.1~1/RELEASE_X86_64 x86_64
rlimit: STACK 8192k, CORE 0k, NPROC 709, NOFILE 10240, AS infinity
load average:2.58 2.14 2.07

CPU:total 8 (4 cores per cpu, 2 threads per core) family 6 model 70 stepping 1, cmov, cx8, fxsr, mmx, sse, sse2, sse3, ssse3, sse4.1, sse4.2, popcnt, avx, avx2, aes, clmul, erms, rtm, lzcnt, ht, tsc, tscinvbit, bmi1, bmi2

Memory: 4k page, physical 16777216k(256776k free)

/proc/meminfo:


vm_info: Java HotSpot(TM) 64-Bit Server VM (25.92-b14) for bsd-amd64 JRE (1.8.0_92-b14), built on Mar 31 2016 21:23:14 by "java_re" with gcc 4.2.1 (Based on Apple Inc. build 5658) (LLVM build 2336.11.00)

time: Tue Feb 21 12:51:29 2017
elapsed time: 959 seconds (0d 0h 15m 59s)

